<?xml version="1.0" encoding="UTF-8"?>
<testsuite xmlns:xsi="http://www.w3.org/2001/XMLSchema-instance" xsi:noNamespaceSchemaLocation="https://maven.apache.org/surefire/maven-surefire-plugin/xsd/surefire-test-report.xsd" name="ProgramTest" time="0.024" tests="5" errors="4" skipped="0" failures="1">
  <properties>
[...]
</properties>
  <testcase name="executeP0" classname="ProgramTest" time="0.001">
    <error type="java.lang.NullPointerException">java.lang.NullPointerException
	at ProgramTest.executeP0(ProgramTest.java:39)
</error>
  </testcase>
  <testcase name="executeP1" classname="ProgramTest" time="0">
    <error message="class blocks.MoveBlock cannot be cast to class java.util.List (blocks.MoveBlock is in unnamed module of loader &apos;app&apos;; java.util.List is in module java.base of loader &apos;bootstrap&apos;)" type="java.lang.ClassCastException">java.lang.ClassCastException: class blocks.MoveBlock cannot be cast to class java.util.List (blocks.MoveBlock is in unnamed module of loader 'app'; java.util.List is in module java.base of loader 'bootstrap')
	at ProgramTest.executeP1(ProgramTest.java:50)
</error>
  </testcase>
  <testcase name="executeP2" classname="ProgramTest" time="0">
    <error message="class blocks.TurnBlock cannot be cast to class java.util.List (blocks.TurnBlock is in unnamed module of loader &apos;app&apos;; java.util.List is in module java.base of loader &apos;bootstrap&apos;)" type="java.lang.ClassCastException">java.lang.ClassCastException: class blocks.TurnBlock cannot be cast to class java.util.List (blocks.TurnBlock is in unnamed module of loader 'app'; java.util.List is in module java.base of loader 'bootstrap')
	at ProgramTest.executeP2(ProgramTest.java:70)
</error>
  </testcase>
  <testcase name="executeP3" classname="ProgramTest" time="0.006">
    <failure message="kerel isn&apos;t at (9,1) ==&gt; expected: &lt;[9, 1]&gt; but was: &lt;[9, 0]&gt;" type="org.opentest4j.AssertionFailedError"><![CDATA[org.opentest4j.AssertionFailedError: kerel isn't at (9,1) ==> expected: <[9, 1]> but was: <[9, 0]>
	at ProgramTest.executeP3(ProgramTest.java:104)
]]></failure>
  </testcase>
  <testcase name="executeP4" classname="ProgramTest" time="0">
    <error message="Index 9 out of bounds for length 9" type="java.lang.ArrayIndexOutOfBoundsException">java.lang.ArrayIndexOutOfBoundsException: Index 9 out of bounds for length 9
	at ProgramTest.executeP4(ProgramTest.java:125)
</error>
  </testcase>
</testsuite>