<?xml version="1.0" encoding="UTF-8"?>
<testsuite xmlns:xsi="http://www.w3.org/2001/XMLSchema-instance" xsi:noNamespaceSchemaLocation="https://maven.apache.org/surefire/maven-surefire-plugin/xsd/surefire-test-report.xsd" name="CharacterTest" time="0" tests="3" errors="3" skipped="0" failures="0">
  <properties>
[...]
</properties>
  <testcase name="playerOnEdgeOfField" classname="CharacterTest" time="0">
    <error type="java.lang.NullPointerException">java.lang.NullPointerException
	at CharacterTest.setUp(CharacterTest.java:33)
</error>
  </testcase>
  <testcase name="canMoveForward" classname="CharacterTest" time="0">
    <error type="java.lang.NullPointerException">java.lang.NullPointerException
	at CharacterTest.setUp(CharacterTest.java:33)
</error>
  </testcase>
  <testcase name="WallInFrontOfPlayer" classname="CharacterTest" time="0">
    <error type="java.lang.NullPointerException">java.lang.NullPointerException
	at CharacterTest.setUp(CharacterTest.java:33)
</error>
  </testcase>
</testsuite>